<?xml version="1.0" encoding="UTF-8"?>
<!-- Generated by org.testng.reporters.JUnitXMLReporter -->
<testsuite hostname="DESKTOP-QS2AGGF" name="Default test" tests="7" failures="0" timestamp="14 May 2020 09:35:21 GMT" time="187.88" errors="0">
  <testcase name="VerifyActionColumnPresentorNotTest" time="0.07" classname="childhomecare.admintestcases.AdminClientBuyPackageTest"/>
  <testcase name="VerifyAppointmentTypeColumnPresentorNotTest" time="0.041" classname="childhomecare.admintestcases.AdminClientBuyPackageTest"/>
  <testcase name="VerifyNoOfSessionsColumnPresentorNotTest" time="0.045" classname="childhomecare.admintestcases.AdminClientBuyPackageTest"/>
  <testcase name="VerifyPriceColumnPresentorNotTest" time="0.166" classname="childhomecare.admintestcases.AdminClientBuyPackageTest"/>
  <testcase name="VerifyPriceIDColumnPresentorNotTest" time="0.168" classname="childhomecare.admintestcases.AdminClientBuyPackageTest"/>
  <testcase name="VerifyServiceCategoryColumnPresentorNotTest" time="0.12" classname="childhomecare.admintestcases.AdminClientBuyPackageTest"/>
  <testcase name="VerifyTitleColumnPresentorNotTest" time="0.041" classname="childhomecare.admintestcases.AdminClientBuyPackageTest"/>
</testsuite> <!-- Default test -->
