<?xml version="1.0" encoding="UTF-8"?>
<testng-results skipped="0" failed="1" total="1" passed="0">
  <reporter-output>
  </reporter-output>
  <suite name="Default suite" duration-ms="25141" started-at="2020-03-27T08:10:27Z" finished-at="2020-03-27T08:10:52Z">
    <groups>
    </groups>
    <test name="Default test" duration-ms="25141" started-at="2020-03-27T08:10:27Z" finished-at="2020-03-27T08:10:52Z">
      <class name="childhomecare.admintestcases.AdminClientBuyPackageTest">
        <test-method status="FAIL" signature="VerifyPackageName()[pri:0, instance:childhomecare.admintestcases.AdminClientBuyPackageTest@27f674d]" name="VerifyPackageName" duration-ms="3009" started-at="2020-03-27T13:40:27Z" finished-at="2020-03-27T13:40:30Z">
          <exception class="java.lang.NullPointerException">
            <full-stacktrace>
              <![CDATA[java.lang.NullPointerException
	at childhomecare.admintestcases.AdminClientBuyPackageTest.VerifyPackageName(AdminClientBuyPackageTest.java:32)
	at sun.reflect.NativeMethodAccessorImpl.invoke0(Native Method)
	at sun.reflect.NativeMethodAccessorImpl.invoke(Unknown Source)
	at sun.reflect.DelegatingMethodAccessorImpl.invoke(Unknown Source)
	at java.lang.reflect.Method.invoke(Unknown Source)
	at org.testng.internal.MethodInvocationHelper.invokeMethod(MethodInvocationHelper.java:86)
	at org.testng.internal.Invoker.invokeMethod(Invoker.java:645)
	at org.testng.internal.Invoker.invokeTestMethod(Invoker.java:822)
	at org.testng.internal.Invoker.invokeTestMethods(Invoker.java:1130)
	at org.testng.internal.TestMethodWorker.invokeTestMethods(TestMethodWorker.java:129)
	at org.testng.internal.TestMethodWorker.run(TestMethodWorker.java:112)
	at org.testng.TestRunner.privateRun(TestRunner.java:782)
	at org.testng.TestRunner.run(TestRunner.java:632)
	at org.testng.SuiteRunner.runTest(SuiteRunner.java:366)
	at org.testng.SuiteRunner.runSequentially(SuiteRunner.java:361)
	at org.testng.SuiteRunner.privateRun(SuiteRunner.java:319)
	at org.testng.SuiteRunner.run(SuiteRunner.java:268)
	at org.testng.SuiteRunnerWorker.runSuite(SuiteRunnerWorker.java:52)
	at org.testng.SuiteRunnerWorker.run(SuiteRunnerWorker.java:86)
	at org.testng.TestNG.runSuitesSequentially(TestNG.java:1244)
	at org.testng.TestNG.runSuitesLocally(TestNG.java:1169)
	at org.testng.TestNG.run(TestNG.java:1064)
	at org.testng.remote.RemoteTestNG.run(RemoteTestNG.java:113)
	at org.testng.remote.RemoteTestNG.initAndRun(RemoteTestNG.java:206)
	at org.testng.remote.RemoteTestNG.main(RemoteTestNG.java:177)
]]>
            </full-stacktrace>
          </exception> <!-- java.lang.NullPointerException -->
          <reporter-output>
          </reporter-output>
        </test-method> <!-- VerifyPackageName -->
        <test-method status="PASS" signature="setup()[pri:0, instance:childhomecare.admintestcases.AdminClientBuyPackageTest@27f674d]" name="setup" is-config="true" duration-ms="22115" started-at="2020-03-27T13:40:30Z" finished-at="2020-03-27T13:40:52Z">
          <reporter-output>
          </reporter-output>
        </test-method> <!-- setup -->
      </class> <!-- childhomecare.admintestcases.AdminClientBuyPackageTest -->
    </test> <!-- Default test -->
  </suite> <!-- Default suite -->
</testng-results>
