<?xml version="1.0" encoding="UTF-8"?>
<!-- Generated by org.testng.reporters.JUnitXMLReporter -->
<testsuite hostname="DESKTOP-QS2AGGF" name="ChildHomeCare Test Cases" tests="2" failures="0" timestamp="16 Dec 2019 13:18:04 GMT" time="39.552" errors="0">
  <testcase name="VerifyDashBoardPageTitleTest" time="0.417" classname="childhomecare.admintestcases.DashboardPageTest"/>
  <testcase name="NavigateToClientPageTest" time="1.007" classname="childhomecare.admintestcases.DashboardPageTest"/>
</testsuite> <!-- ChildHomeCare Test Cases -->
